Determining if the pthread_create exist failed with the following output:
Change Dir: /home/gorigan/UFMG/recsys_2/build/CMakeFiles/CMakeTmp

Run Build Command:"/usr/bin/gmake" "cmTryCompileExec2606187552/fast"
/usr/bin/gmake -f CMakeFiles/cmTryCompileExec2606187552.dir/build.make CMakeFiles/cmTryCompileExec2606187552.dir/build
gmake[1]: Entering directory '/home/gorigan/UFMG/recsys_2/build/CMakeFiles/CMakeTmp'
/usr/bin/cmake -E cmake_progress_report /home/gorigan/UFMG/recsys_2/build/CMakeFiles/CMakeTmp/CMakeFiles 1
Building C object CMakeFiles/cmTryCompileExec2606187552.dir/CheckSymbolExists.c.o
/usr/bin/cc    -o CMakeFiles/cmTryCompileExec2606187552.dir/CheckSymbolExists.c.o   -c /home/gorigan/UFMG/recsys_2/build/CMakeFiles/CMakeTmp/CheckSymbolExists.c
Linking C executable cmTryCompileExec2606187552
/usr/bin/cmake -E cmake_link_script CMakeFiles/cmTryCompileExec2606187552.dir/link.txt --verbose=1
/usr/bin/cc       CMakeFiles/cmTryCompileExec2606187552.dir/CheckSymbolExists.c.o  -o cmTryCompileExec2606187552 -rdynamic 
CMakeFiles/cmTryCompileExec2606187552.dir/CheckSymbolExists.c.o: In function `main':
CheckSymbolExists.c:(.text+0x16): undefined reference to `pthread_create'
collect2: error: ld returned 1 exit status
CMakeFiles/cmTryCompileExec2606187552.dir/build.make:88: recipe for target 'cmTryCompileExec2606187552' failed
gmake[1]: Leaving directory '/home/gorigan/UFMG/recsys_2/build/CMakeFiles/CMakeTmp'
gmake[1]: *** [cmTryCompileExec2606187552] Error 1
Makefile:118: recipe for target 'cmTryCompileExec2606187552/fast' failed
gmake: *** [cmTryCompileExec2606187552/fast] Error 2

File /home/gorigan/UFMG/recsys_2/build/CMakeFiles/CMakeTmp/CheckSymbolExists.c:
/* */
#include <pthread.h>

int main(int argc, char** argv)
{
  (void)argv;
#ifndef pthread_create
  return ((int*)(&pthread_create))[argc];
#else
  (void)argc;
  return 0;
#endif
}

Determining if the function pthread_create exists in the pthreads failed with the following output:
Change Dir: /home/gorigan/UFMG/recsys_2/build/CMakeFiles/CMakeTmp

Run Build Command:"/usr/bin/gmake" "cmTryCompileExec1345759140/fast"
/usr/bin/gmake -f CMakeFiles/cmTryCompileExec1345759140.dir/build.make CMakeFiles/cmTryCompileExec1345759140.dir/build
gmake[1]: Entering directory '/home/gorigan/UFMG/recsys_2/build/CMakeFiles/CMakeTmp'
/usr/bin/cmake -E cmake_progress_report /home/gorigan/UFMG/recsys_2/build/CMakeFiles/CMakeTmp/CMakeFiles 1
Building C object CMakeFiles/cmTryCompileExec1345759140.dir/CheckFunctionExists.c.o
/usr/bin/cc   -DCHECK_FUNCTION_EXISTS=pthread_create   -o CMakeFiles/cmTryCompileExec1345759140.dir/CheckFunctionExists.c.o   -c /usr/share/cmake/Modules/CheckFunctionExists.c
Linking C executable cmTryCompileExec1345759140
/usr/bin/cmake -E cmake_link_script CMakeFiles/cmTryCompileExec1345759140.dir/link.txt --verbose=1
/usr/bin/cc   -DCHECK_FUNCTION_EXISTS=pthread_create    CMakeFiles/cmTryCompileExec1345759140.dir/CheckFunctionExists.c.o  -o cmTryCompileExec1345759140 -rdynamic -lpthreads 
/usr/bin/ld: cannot find -lpthreads
collect2: error: ld returned 1 exit status
CMakeFiles/cmTryCompileExec1345759140.dir/build.make:88: recipe for target 'cmTryCompileExec1345759140' failed
gmake[1]: Leaving directory '/home/gorigan/UFMG/recsys_2/build/CMakeFiles/CMakeTmp'
gmake[1]: *** [cmTryCompileExec1345759140] Error 1
Makefile:118: recipe for target 'cmTryCompileExec1345759140/fast' failed
gmake: *** [cmTryCompileExec1345759140/fast] Error 2


